Loading dataset
=> loaded checkpoint_epoch 25
Computing results...
Images: 5000, Captions: 25000
calculate similarity time: 0.01896500587463379
Image to text: 82.6, 97.1, 99.5, 1.0, 1.5
Text to image: 67.3, 91.8, 96.2, 1.0, 3.6
rsum: 534.6 ar: 93.1 ari: 85.1
calculate similarity time: 0.026546239852905273
Image to text: 78.7, 95.6, 98.5, 1.0, 1.7
Text to image: 64.1, 89.7, 95.3, 1.0, 3.9
rsum: 521.9 ar: 90.9 ari: 83.0
calculate similarity time: 0.017831802368164062
Image to text: 80.4, 97.1, 98.9, 1.0, 1.6
Text to image: 64.9, 90.9, 96.0, 1.0, 4.0
rsum: 528.2 ar: 92.1 ari: 83.9
calculate similarity time: 0.028061628341674805
Image to text: 80.4, 96.0, 98.5, 1.0, 1.7
Text to image: 63.0, 90.3, 95.9, 1.0, 3.7
rsum: 524.1 ar: 91.6 ari: 83.1
calculate similarity time: 0.01788187026977539
Image to text: 78.5, 96.5, 98.7, 1.0, 1.7
Text to image: 64.6, 91.0, 96.0, 1.0, 3.9
rsum: 525.4 ar: 91.2 ari: 83.9
-----------------------------------
Mean metrics: 
rsum: 550.8
Average i2t Recall: 83.8
Image to text: 80.1 96.5 98.8 1.0 1.6
Average t2i Recall: 526.8
Text to image: 64.8 90.7 95.9 1.0 3.8
